<?xml version="1.0" encoding="UTF-8"?>
<testsuite name="ru.aslantemirkanov.lab3.presentation.tests.CatControllerTest" tests="2" skipped="0" failures="0" errors="0" timestamp="2023-04-28T15:47:23" hostname="LAPTOP-ASLAN" time="0.062">
  <properties/>
  <testcase name="addFriendTest()" classname="ru.aslantemirkanov.lab3.presentation.tests.CatControllerTest" time="0.052"/>
  <testcase name="getCatDtoByIdTest()" classname="ru.aslantemirkanov.lab3.presentation.tests.CatControllerTest" time="0.007"/>
  <system-out><![CDATA[18:47:19.223 [Test worker] DEBUG org.springframework.boot.test.context.SpringBootTestContextBootstrapper -- Neither @ContextConfiguration nor @ContextHierarchy found for test class [CatControllerTest]: using SpringBootContextLoader
18:47:19.228 [Test worker] DEBUG org.springframework.test.context.support.AbstractContextLoader -- Could not detect default resource locations for test class [ru.aslantemirkanov.lab3.presentation.tests.CatControllerTest]: no resource found for suffixes {-context.xml, Context.groovy}.
18:47:19.228 [Test worker] INFO org.springframework.test.context.support.AnnotationConfigContextLoaderUtils -- Could not detect default configuration classes for test class [ru.aslantemirkanov.lab3.presentation.tests.CatControllerTest]: CatControllerTest does not declare any static, non-private, non-final, nested classes annotated with @Configuration.
18:47:19.251 [Test worker] DEBUG org.springframework.boot.test.context.SpringBootTestContextBootstrapper -- Using ContextCustomizers for test class [CatControllerTest]: [DisableObservabilityContextCustomizer, PropertyMappingContextCustomizer, Customizer, ExcludeFilterContextCustomizer, DuplicateJsonObjectContextCustomizer, MockitoContextCustomizer, TestRestTemplateContextCustomizer]
18:47:19.319 [Test worker] DEBUG org.springframework.context.annotation.ClassPathScanningCandidateComponentProvider -- Identified candidate component class: file [C:\Users\Aslan\IdeaProjects\is_tech2023\aslantemirkanov\Lab3\Presentation\build\classes\java\main\ru\aslantemirkanov\lab3\Main.class]
18:47:19.321 [Test worker] INFO org.springframework.boot.test.context.SpringBootTestContextBootstrapper -- Found @SpringBootConfiguration ru.aslantemirkanov.lab3.Main for test class ru.aslantemirkanov.lab3.presentation.tests.CatControllerTest
18:47:19.420 [Test worker] DEBUG org.springframework.boot.test.context.SpringBootTestContextBootstrapper -- Using TestExecutionListeners for test class [CatControllerTest]: [ServletTestExecutionListener, DirtiesContextBeforeModesTestExecutionListener, ApplicationEventsTestExecutionListener, MockitoTestExecutionListener, DependencyInjectionTestExecutionListener, DirtiesContextTestExecutionListener, TransactionalTestExecutionListener, SqlScriptsTestExecutionListener, EventPublishingTestExecutionListener, RestDocsTestExecutionListener, MockRestServiceServerResetTestExecutionListener, MockMvcPrintOnlyOnFailureTestExecutionListener, WebDriverTestExecutionListener, MockWebServiceServerTestExecutionListener, ResetMocksTestExecutionListener]
18:47:19.421 [Test worker] DEBUG org.springframework.test.context.support.AbstractDirtiesContextTestExecutionListener -- Before test class: class [CatControllerTest], class annotated with @DirtiesContext [false] with mode [null]

  .   ____          _            __ _ _
 /\\ / ___'_ __ _ _(_)_ __  __ _ \ \ \ \
( ( )\___ | '_ | '_| | '_ \/ _` | \ \ \ \
 \\/  ___)| |_)| | | | | || (_| |  ) ) ) )
  '  |____| .__|_| |_|_| |_\__, | / / / /
 =========|_|==============|___/=/_/_/_/
 :: Spring Boot ::                (v3.0.6)

2023-04-28T18:47:19.685+03:00  INFO 14152 --- [    Test worker] r.a.l.p.tests.CatControllerTest          : Starting CatControllerTest using Java 19.0.2 with PID 14152 (started by Aslan in C:\Users\Aslan\IdeaProjects\is_tech2023\aslantemirkanov\Lab3\Presentation)
2023-04-28T18:47:19.686+03:00  INFO 14152 --- [    Test worker] r.a.l.p.tests.CatControllerTest          : No active profile set, falling back to 1 default profile: "default"
2023-04-28T18:47:20.144+03:00  INFO 14152 --- [    Test worker] .s.d.r.c.RepositoryConfigurationDelegate : Bootstrapping Spring Data JPA repositories in DEFAULT mode.
2023-04-28T18:47:20.181+03:00  INFO 14152 --- [    Test worker] .s.d.r.c.RepositoryConfigurationDelegate : Finished Spring Data repository scanning in 32 ms. Found 2 JPA repository interfaces.
2023-04-28T18:47:20.740+03:00  INFO 14152 --- [    Test worker] o.hibernate.jpa.internal.util.LogHelper  : HHH000204: Processing PersistenceUnitInfo [name: default]
2023-04-28T18:47:20.794+03:00  INFO 14152 --- [    Test worker] org.hibernate.Version                    : HHH000412: Hibernate ORM core version 6.1.7.Final
2023-04-28T18:47:21.078+03:00  INFO 14152 --- [    Test worker] com.zaxxer.hikari.HikariDataSource       : HikariPool-1 - Starting...
2023-04-28T18:47:21.270+03:00  INFO 14152 --- [    Test worker] com.zaxxer.hikari.pool.HikariPool        : HikariPool-1 - Added connection org.postgresql.jdbc.PgConnection@23f60b7d
2023-04-28T18:47:21.272+03:00  INFO 14152 --- [    Test worker] com.zaxxer.hikari.HikariDataSource       : HikariPool-1 - Start completed.
2023-04-28T18:47:21.287+03:00  INFO 14152 --- [    Test worker] SQL dialect                              : HHH000400: Using dialect: org.hibernate.dialect.PostgreSQL81Dialect
2023-04-28T18:47:21.289+03:00  WARN 14152 --- [    Test worker] org.hibernate.orm.deprecation            : HHH90000026: PostgreSQL81Dialect has been deprecated; use org.hibernate.dialect.PostgreSQLDialect instead
2023-04-28T18:47:22.128+03:00  INFO 14152 --- [    Test worker] o.h.e.t.j.p.i.JtaPlatformInitiator       : HHH000490: Using JtaPlatform implementation: [org.hibernate.engine.transaction.jta.platform.internal.NoJtaPlatform]
2023-04-28T18:47:22.137+03:00  INFO 14152 --- [    Test worker] j.LocalContainerEntityManagerFactoryBean : Initialized JPA EntityManagerFactory for persistence unit 'default'
2023-04-28T18:47:22.373+03:00  WARN 14152 --- [    Test worker] ocalVariableTableParameterNameDiscoverer : Using deprecated '-debug' fallback for parameter name resolution. Compile the affected code with '-parameters' instead or avoid its introspection: ru.aslantemirkanov.lab3.dataaccess.repository.CatRepository
2023-04-28T18:47:22.667+03:00  WARN 14152 --- [    Test worker] JpaBaseConfiguration$JpaWebConfiguration : spring.jpa.open-in-view is enabled by default. Therefore, database queries may be performed during view rendering. Explicitly configure spring.jpa.open-in-view to disable this warning
2023-04-28T18:47:23.018+03:00  INFO 14152 --- [    Test worker] r.a.l.p.tests.CatControllerTest          : Started CatControllerTest in 3.553 seconds (process running for 4.649)
]]></system-out>
  <system-err><![CDATA[]]></system-err>
</testsuite>
