<?xml version="1.0" encoding="UTF-8"?>
<testsuite name="ru.aslantemirkanov.lab3.presentation.tests.CatOwnerControllerTest" tests="1" skipped="0" failures="0" errors="0" timestamp="2023-04-28T15:47:23" hostname="LAPTOP-ASLAN" time="0.003">
  <properties/>
  <testcase name="createOwnerTest()" classname="ru.aslantemirkanov.lab3.presentation.tests.CatOwnerControllerTest" time="0.003"/>
  <system-out><![CDATA[2023-04-28T18:47:23.345+03:00  INFO 14152 --- [    Test worker] t.c.s.AnnotationConfigContextLoaderUtils : Could not detect default configuration classes for test class [ru.aslantemirkanov.lab3.presentation.tests.CatOwnerControllerTest]: CatOwnerControllerTest does not declare any static, non-private, non-final, nested classes annotated with @Configuration.
2023-04-28T18:47:23.347+03:00  INFO 14152 --- [    Test worker] .b.t.c.SpringBootTestContextBootstrapper : Found @SpringBootConfiguration ru.aslantemirkanov.lab3.Main for test class ru.aslantemirkanov.lab3.presentation.tests.CatOwnerControllerTest
]]></system-out>
  <system-err><![CDATA[]]></system-err>
</testsuite>
