<?xml version="1.0" encoding="UTF-8"?>
<testsuite name="ru.aslantemirkanov.lab3.presentation.tests.CatControllerTest" tests="2" skipped="0" failures="0" errors="0" timestamp="2023-04-28T16:03:56" hostname="LAPTOP-ASLAN" time="0.56">
  <properties/>
  <testcase name="addFriendTest()" classname="ru.aslantemirkanov.lab3.presentation.tests.CatControllerTest" time="0.556"/>
  <testcase name="getCatDtoByIdTest()" classname="ru.aslantemirkanov.lab3.presentation.tests.CatControllerTest" time="0.003"/>
  <system-out><![CDATA[]]></system-out>
  <system-err><![CDATA[]]></system-err>
</testsuite>
