<?xml version="1.0" encoding="UTF-8"?>
<testsuite name="CatControllerTest" tests="1" skipped="0" failures="0" errors="0" timestamp="2023-05-26T21:56:43" hostname="LAPTOP-ASLAN" time="2.826">
  <properties/>
  <testcase name="TestCats()" classname="CatControllerTest" time="2.826"/>
  <system-out><![CDATA[]]></system-out>
  <system-err><![CDATA[]]></system-err>
</testsuite>
